Array
(
    [sql] => SELECT * FROM x2_session WHERE  sessionid = :sessionid  LIMIT 512
    [v] => Array
        (
            [sessionid] => uejn4qbsv4o32mtds61jnr6dl2
        )

)
Array
(
    [0] => 00000
    [1] => 
    [2] => 
)
Array
(
    [sql] => SHOW FULL COLUMNS FROM  `x2_session`
)
Array
(
    [0] => 00000
    [1] => 
    [2] => 
)
Array
(
    [sql] => INSERT INTO x2_session (sessionid,sessionuserid,sessionusername,sessionpassword,sessionip,sessionmanage,sessiongroupid,sessioncurrent,sessionrandcode,sessionlogintime,sessiontimelimit,sessionlasttime,sessionmaster) VALUES (:sessionid,:sessionuserid,:sessionusername,:sessionpassword,:sessionip,:sessionmanage,:sessiongroupid,:sessioncurrent,:sessionrandcode,:sessionlogintime,:sessiontimelimit,:sessionlasttime,:sessionmaster)
    [v] => Array
        (
            [sessionid] => uejn4qbsv4o32mtds61jnr6dl2
            [sessionuserid] => 0
            [sessionusername] => 
            [sessionpassword] => 
            [sessionip] => 10.211.55.2
            [sessionmanage] => 0
            [sessiongroupid] => 0
            [sessioncurrent] => 
            [sessionrandcode] => 
            [sessionlogintime] => 0
            [sessiontimelimit] => 0
            [sessionlasttime] => 0
            [sessionmaster] => 0
        )

    [dim] => 0
)
Array
(
    [0] => 00000
    [1] => 
    [2] => 
)
Array
(
    [sql] => SELECT * FROM x2_user AS user,x2_user_group AS user_group WHERE  user.userid = :id  AND user.usergroupid = user_group.groupid  LIMIT 512
    [v] => Array
        (
            [id] => 
        )

)
Array
(
    [0] => 00000
    [1] => 
    [2] => 
)
Array
(
    [sql] => SELECT * FROM x2_category WHERE  catapp = :catapp  ORDER BY catlite DESC,catid DESC
    [v] => Array
        (
            [catapp] => content
        )

)
Array
(
    [0] => 00000
    [1] => 
    [2] => 
)
Array
(
    [sql] => SELECT * FROM x2_category WHERE  catindex > 0  AND catapp = :catapp  ORDER BY catlite DESC,catid DESC
    [v] => Array
        (
            [catapp] => content
        )

)
Array
(
    [0] => 00000
    [1] => 
    [2] => 
)
Array
(
    [sql] => SELECT * FROM x2_category WHERE  catapp = :catapp  ORDER BY catlite DESC,catid DESC
    [v] => Array
        (
            [catapp] => content
        )

)
Array
(
    [0] => 00000
    [1] => 
    [2] => 
)
Array
(
    [sql] => SELECT * FROM x2_content WHERE  find_in_set(contentcatid,:catstring)  ORDER BY contentsequence DESC,contentinputtime DESC,contentid DESC LIMIT 0,10
    [v] => Array
        (
            [catstring] => 1
        )

)
Array
(
    [0] => 00000
    [1] => 
    [2] => 
)
Array
(
    [sql] => SELECT count(*) AS number FROM x2_content WHERE  find_in_set(contentcatid,:catstring)  LIMIT 512
    [v] => Array
        (
            [catstring] => 1
        )

)
Array
(
    [0] => 00000
    [1] => 
    [2] => 
)
Array
(
    [sql] => SELECT * FROM x2_content WHERE  find_in_set(contentcatid,:catstring)  ORDER BY contentsequence DESC,contentinputtime DESC,contentid DESC LIMIT 0,3
    [v] => Array
        (
            [catstring] => 2
        )

)
Array
(
    [0] => 00000
    [1] => 
    [2] => 
)
Array
(
    [sql] => SELECT count(*) AS number FROM x2_content WHERE  find_in_set(contentcatid,:catstring)  LIMIT 512
    [v] => Array
        (
            [catstring] => 2
        )

)
Array
(
    [0] => 00000
    [1] => 
    [2] => 
)
Array
(
    [sql] => SELECT count(*) AS number,ehusername,max(ehscore) as ehscore FROM x2_examhistory WHERE  ehstarttime >= :ehstarttime  GROUP BY ehuserid ORDER BY number DESC LIMIT 10
    [v] => Array
        (
            [ehstarttime] => 1472687548
        )

)
Array
(
    [0] => 00000
    [1] => 
    [2] => 
)
Array
(
    [sql] => SELECT count(*) AS number,ehusername,max(ehscore) as ehscore FROM x2_examhistory WHERE  ehstarttime >= :ehstarttime  GROUP BY ehuserid ORDER BY number DESC LIMIT 10
    [v] => Array
        (
            [ehstarttime] => 1470700348
        )

)
Array
(
    [0] => 00000
    [1] => 
    [2] => 
)
Array
(
    [sql] => SELECT count(*) AS number,ehbasicid FROM x2_examhistory WHERE  ehstarttime >= :ehstarttime  GROUP BY ehbasicid ORDER BY number DESC LIMIT 6
    [v] => Array
        (
            [ehstarttime] => 1471564348
        )

)
Array
(
    [0] => 00000
    [1] => 
    [2] => 
)
Array
(
    [sql] => SELECT * FROM x2_basic WHERE 1 ORDER BY basicid DESC LIMIT 0,6
    [v] => 
)
Array
(
    [0] => 00000
    [1] => 
    [2] => 
)
Array
(
    [sql] => SELECT count(*) AS number FROM x2_basic WHERE 1 LIMIT 512
    [v] => 
)
Array
(
    [0] => 00000
    [1] => 
    [2] => 
)
Array
(
    [sql] => SELECT * FROM x2_session WHERE  sessionid = :sessionid  LIMIT 512
    [v] => Array
        (
            [sessionid] => uejn4qbsv4o32mtds61jnr6dl2
        )

)
Array
(
    [0] => 00000
    [1] => 
    [2] => 
)
Array
(
    [sql] => SELECT * FROM x2_user AS user,x2_user_group AS user_group WHERE  user.userid = :id  AND user.usergroupid = user_group.groupid  LIMIT 512
    [v] => Array
        (
            [id] => 
        )

)
Array
(
    [0] => 00000
    [1] => 
    [2] => 
)
Array
(
    [sql] => SELECT * FROM x2_category WHERE  catapp = :catapp  ORDER BY catlite DESC,catid DESC
    [v] => Array
        (
            [catapp] => content
        )

)
Array
(
    [0] => 00000
    [1] => 
    [2] => 
)
Array
(
    [sql] => SELECT * FROM x2_content WHERE  contentid = :contentid  LIMIT 512
    [v] => Array
        (
            [contentid] => 1
        )

)
Array
(
    [0] => 00000
    [1] => 
    [2] => 
)
Array
(
    [sql] => SELECT * FROM x2_category WHERE  catapp = :catapp  ORDER BY catlite DESC,catid DESC
    [v] => Array
        (
            [catapp] => content
        )

)
Array
(
    [0] => 00000
    [1] => 
    [2] => 
)
Array
(
    [sql] => SELECT * FROM x2_category WHERE  catid = :catid  LIMIT 512
    [v] => Array
        (
            [catid] => 1
        )

)
Array
(
    [0] => 00000
    [1] => 
    [2] => 
)
Array
(
    [sql] => SELECT * FROM x2_category WHERE  catparent = :catparent  AND catinmenu = '0'  AND catapp = :catapp  ORDER BY catlite DESC,catid DESC
    [v] => Array
        (
            [catparent] => 0
            [catapp] => content
        )

)
Array
(
    [0] => 00000
    [1] => 
    [2] => 
)
Array
(
    [sql] => SELECT * FROM x2_content WHERE  contentid < :contentid  AND contentcatid = :catid  ORDER BY contentid DESC LIMIT 5
    [v] => Array
        (
            [contentid] => 1
            [catid] => 1
        )

)
Array
(
    [0] => 00000
    [1] => 
    [2] => 
)
Array
(
    [sql] => SELECT * FROM x2_content WHERE  contentid > :contentid  AND contentcatid = :catid  ORDER BY contentid ASC LIMIT 5
    [v] => Array
        (
            [contentid] => 1
            [catid] => 1
        )

)
Array
(
    [0] => 00000
    [1] => 
    [2] => 
)
Array
(
    [sql] => SELECT * FROM x2_session WHERE  sessionid = :sessionid  LIMIT 512
    [v] => Array
        (
            [sessionid] => uejn4qbsv4o32mtds61jnr6dl2
        )

)
Array
(
    [0] => 00000
    [1] => 
    [2] => 
)
Array
(
    [sql] => SELECT * FROM x2_session WHERE  sessionid = :sessionid  LIMIT 512
    [v] => Array
        (
            [sessionid] => uejn4qbsv4o32mtds61jnr6dl2
        )

)
Array
(
    [0] => 00000
    [1] => 
    [2] => 
)
Array
(
    [sql] => SELECT * FROM x2_user_group WHERE 1 ORDER BY groupid DESC
    [v] => 
)
Array
(
    [0] => 00000
    [1] => 
    [2] => 
)
Array
(
    [sql] => SELECT * FROM x2_session WHERE  sessionid = :sessionid  LIMIT 512
    [v] => Array
        (
            [sessionid] => uejn4qbsv4o32mtds61jnr6dl2
        )

)
Array
(
    [0] => 00000
    [1] => 
    [2] => 
)
Array
(
    [sql] => SELECT * FROM x2_user AS user,x2_user_group AS user_group WHERE  user.userid = :id  AND user.usergroupid = user_group.groupid  LIMIT 512
    [v] => Array
        (
            [id] => 
        )

)
Array
(
    [0] => 00000
    [1] => 
    [2] => 
)
Array
(
    [sql] => SELECT * FROM x2_category WHERE  catapp = :catapp  ORDER BY catlite DESC,catid DESC
    [v] => Array
        (
            [catapp] => content
        )

)
Array
(
    [0] => 00000
    [1] => 
    [2] => 
)
Array
(
    [sql] => SELECT * FROM x2_category WHERE  catindex > 0  AND catapp = :catapp  ORDER BY catlite DESC,catid DESC
    [v] => Array
        (
            [catapp] => content
        )

)
Array
(
    [0] => 00000
    [1] => 
    [2] => 
)
Array
(
    [sql] => SELECT * FROM x2_category WHERE  catapp = :catapp  ORDER BY catlite DESC,catid DESC
    [v] => Array
        (
            [catapp] => content
        )

)
Array
(
    [0] => 00000
    [1] => 
    [2] => 
)
Array
(
    [sql] => SELECT * FROM x2_content WHERE  find_in_set(contentcatid,:catstring)  ORDER BY contentsequence DESC,contentinputtime DESC,contentid DESC LIMIT 0,10
    [v] => Array
        (
            [catstring] => 1
        )

)
Array
(
    [0] => 00000
    [1] => 
    [2] => 
)
Array
(
    [sql] => SELECT count(*) AS number FROM x2_content WHERE  find_in_set(contentcatid,:catstring)  LIMIT 512
    [v] => Array
        (
            [catstring] => 1
        )

)
Array
(
    [0] => 00000
    [1] => 
    [2] => 
)
Array
(
    [sql] => SELECT * FROM x2_content WHERE  find_in_set(contentcatid,:catstring)  ORDER BY contentsequence DESC,contentinputtime DESC,contentid DESC LIMIT 0,3
    [v] => Array
        (
            [catstring] => 2
        )

)
Array
(
    [0] => 00000
    [1] => 
    [2] => 
)
Array
(
    [sql] => SELECT count(*) AS number FROM x2_content WHERE  find_in_set(contentcatid,:catstring)  LIMIT 512
    [v] => Array
        (
            [catstring] => 2
        )

)
Array
(
    [0] => 00000
    [1] => 
    [2] => 
)
Array
(
    [sql] => SELECT count(*) AS number,ehusername,max(ehscore) as ehscore FROM x2_examhistory WHERE  ehstarttime >= :ehstarttime  GROUP BY ehuserid ORDER BY number DESC LIMIT 10
    [v] => Array
        (
            [ehstarttime] => 1472687560
        )

)
Array
(
    [0] => 00000
    [1] => 
    [2] => 
)
Array
(
    [sql] => SELECT count(*) AS number,ehusername,max(ehscore) as ehscore FROM x2_examhistory WHERE  ehstarttime >= :ehstarttime  GROUP BY ehuserid ORDER BY number DESC LIMIT 10
    [v] => Array
        (
            [ehstarttime] => 1470700360
        )

)
Array
(
    [0] => 00000
    [1] => 
    [2] => 
)
Array
(
    [sql] => SELECT count(*) AS number,ehbasicid FROM x2_examhistory WHERE  ehstarttime >= :ehstarttime  GROUP BY ehbasicid ORDER BY number DESC LIMIT 6
    [v] => Array
        (
            [ehstarttime] => 1471564360
        )

)
Array
(
    [0] => 00000
    [1] => 
    [2] => 
)
Array
(
    [sql] => SELECT * FROM x2_basic WHERE 1 ORDER BY basicid DESC LIMIT 0,6
    [v] => 
)
Array
(
    [0] => 00000
    [1] => 
    [2] => 
)
Array
(
    [sql] => SELECT count(*) AS number FROM x2_basic WHERE 1 LIMIT 512
    [v] => 
)
Array
(
    [0] => 00000
    [1] => 
    [2] => 
)
Array
(
    [sql] => SELECT * FROM x2_session WHERE  sessionid = :sessionid  LIMIT 512
    [v] => Array
        (
            [sessionid] => uejn4qbsv4o32mtds61jnr6dl2
        )

)
Array
(
    [0] => 00000
    [1] => 
    [2] => 
)
Array
(
    [sql] => SELECT * FROM x2_session WHERE  sessionid = :sessionid  LIMIT 512
    [v] => Array
        (
            [sessionid] => uejn4qbsv4o32mtds61jnr6dl2
        )

)
Array
(
    [0] => 00000
    [1] => 
    [2] => 
)
Array
(
    [sql] => SELECT * FROM x2_user_group WHERE 1 ORDER BY groupid DESC
    [v] => 
)
Array
(
    [0] => 00000
    [1] => 
    [2] => 
)
Array
(
    [sql] => SELECT * FROM x2_session WHERE  sessionid = :sessionid  LIMIT 512
    [v] => Array
        (
            [sessionid] => uejn4qbsv4o32mtds61jnr6dl2
        )

)
Array
(
    [0] => 00000
    [1] => 
    [2] => 
)
Array
(
    [sql] => SELECT * FROM x2_user AS user,x2_user_group AS user_group WHERE  user.userid = :id  AND user.usergroupid = user_group.groupid  LIMIT 512
    [v] => Array
        (
            [id] => 
        )

)
Array
(
    [0] => 00000
    [1] => 
    [2] => 
)
Array
(
    [sql] => SELECT * FROM x2_category WHERE  catapp = :catapp  ORDER BY catlite DESC,catid DESC
    [v] => Array
        (
            [catapp] => content
        )

)
Array
(
    [0] => 00000
    [1] => 
    [2] => 
)
Array
(
    [sql] => SELECT * FROM x2_category WHERE  catindex > 0  AND catapp = :catapp  ORDER BY catlite DESC,catid DESC
    [v] => Array
        (
            [catapp] => content
        )

)
Array
(
    [0] => 00000
    [1] => 
    [2] => 
)
Array
(
    [sql] => SELECT * FROM x2_category WHERE  catapp = :catapp  ORDER BY catlite DESC,catid DESC
    [v] => Array
        (
            [catapp] => content
        )

)
Array
(
    [0] => 00000
    [1] => 
    [2] => 
)
Array
(
    [sql] => SELECT * FROM x2_content WHERE  find_in_set(contentcatid,:catstring)  ORDER BY contentsequence DESC,contentinputtime DESC,contentid DESC LIMIT 0,10
    [v] => Array
        (
            [catstring] => 1
        )

)
Array
(
    [0] => 00000
    [1] => 
    [2] => 
)
Array
(
    [sql] => SELECT count(*) AS number FROM x2_content WHERE  find_in_set(contentcatid,:catstring)  LIMIT 512
    [v] => Array
        (
            [catstring] => 1
        )

)
Array
(
    [0] => 00000
    [1] => 
    [2] => 
)
Array
(
    [sql] => SELECT * FROM x2_content WHERE  find_in_set(contentcatid,:catstring)  ORDER BY contentsequence DESC,contentinputtime DESC,contentid DESC LIMIT 0,3
    [v] => Array
        (
            [catstring] => 2
        )

)
Array
(
    [0] => 00000
    [1] => 
    [2] => 
)
Array
(
    [sql] => SELECT count(*) AS number FROM x2_content WHERE  find_in_set(contentcatid,:catstring)  LIMIT 512
    [v] => Array
        (
            [catstring] => 2
        )

)
Array
(
    [0] => 00000
    [1] => 
    [2] => 
)
Array
(
    [sql] => SELECT count(*) AS number,ehusername,max(ehscore) as ehscore FROM x2_examhistory WHERE  ehstarttime >= :ehstarttime  GROUP BY ehuserid ORDER BY number DESC LIMIT 10
    [v] => Array
        (
            [ehstarttime] => 1472688055
        )

)
Array
(
    [0] => 00000
    [1] => 
    [2] => 
)
Array
(
    [sql] => SELECT count(*) AS number,ehusername,max(ehscore) as ehscore FROM x2_examhistory WHERE  ehstarttime >= :ehstarttime  GROUP BY ehuserid ORDER BY number DESC LIMIT 10
    [v] => Array
        (
            [ehstarttime] => 1470700855
        )

)
Array
(
    [0] => 00000
    [1] => 
    [2] => 
)
Array
(
    [sql] => SELECT count(*) AS number,ehbasicid FROM x2_examhistory WHERE  ehstarttime >= :ehstarttime  GROUP BY ehbasicid ORDER BY number DESC LIMIT 6
    [v] => Array
        (
            [ehstarttime] => 1471564855
        )

)
Array
(
    [0] => 00000
    [1] => 
    [2] => 
)
Array
(
    [sql] => SELECT * FROM x2_basic WHERE 1 ORDER BY basicid DESC LIMIT 0,6
    [v] => 
)
Array
(
    [0] => 00000
    [1] => 
    [2] => 
)
Array
(
    [sql] => SELECT count(*) AS number FROM x2_basic WHERE 1 LIMIT 512
    [v] => 
)
Array
(
    [0] => 00000
    [1] => 
    [2] => 
)
Array
(
    [sql] => SELECT * FROM x2_session WHERE  sessionid = :sessionid  LIMIT 512
    [v] => Array
        (
            [sessionid] => uejn4qbsv4o32mtds61jnr6dl2
        )

)
Array
(
    [0] => 00000
    [1] => 
    [2] => 
)
Array
(
    [sql] => SELECT * FROM x2_user AS user,x2_user_group AS user_group WHERE  user.userid = :id  AND user.usergroupid = user_group.groupid  LIMIT 512
    [v] => Array
        (
            [id] => 
        )

)
Array
(
    [0] => 00000
    [1] => 
    [2] => 
)
Array
(
    [sql] => SELECT * FROM x2_category WHERE  catapp = :catapp  ORDER BY catlite DESC,catid DESC
    [v] => Array
        (
            [catapp] => content
        )

)
Array
(
    [0] => 00000
    [1] => 
    [2] => 
)
Array
(
    [sql] => SELECT * FROM x2_category WHERE  catindex > 0  AND catapp = :catapp  ORDER BY catlite DESC,catid DESC
    [v] => Array
        (
            [catapp] => content
        )

)
Array
(
    [0] => 00000
    [1] => 
    [2] => 
)
Array
(
    [sql] => SELECT * FROM x2_category WHERE  catapp = :catapp  ORDER BY catlite DESC,catid DESC
    [v] => Array
        (
            [catapp] => content
        )

)
Array
(
    [0] => 00000
    [1] => 
    [2] => 
)
Array
(
    [sql] => SELECT * FROM x2_content WHERE  find_in_set(contentcatid,:catstring)  ORDER BY contentsequence DESC,contentinputtime DESC,contentid DESC LIMIT 0,10
    [v] => Array
        (
            [catstring] => 1
        )

)
Array
(
    [0] => 00000
    [1] => 
    [2] => 
)
Array
(
    [sql] => SELECT count(*) AS number FROM x2_content WHERE  find_in_set(contentcatid,:catstring)  LIMIT 512
    [v] => Array
        (
            [catstring] => 1
        )

)
Array
(
    [0] => 00000
    [1] => 
    [2] => 
)
Array
(
    [sql] => SELECT * FROM x2_content WHERE  find_in_set(contentcatid,:catstring)  ORDER BY contentsequence DESC,contentinputtime DESC,contentid DESC LIMIT 0,3
    [v] => Array
        (
            [catstring] => 2
        )

)
Array
(
    [0] => 00000
    [1] => 
    [2] => 
)
Array
(
    [sql] => SELECT count(*) AS number FROM x2_content WHERE  find_in_set(contentcatid,:catstring)  LIMIT 512
    [v] => Array
        (
            [catstring] => 2
        )

)
Array
(
    [0] => 00000
    [1] => 
    [2] => 
)
Array
(
    [sql] => SELECT count(*) AS number,ehusername,max(ehscore) as ehscore FROM x2_examhistory WHERE  ehstarttime >= :ehstarttime  GROUP BY ehuserid ORDER BY number DESC LIMIT 10
    [v] => Array
        (
            [ehstarttime] => 1472688059
        )

)
Array
(
    [0] => 00000
    [1] => 
    [2] => 
)
Array
(
    [sql] => SELECT count(*) AS number,ehusername,max(ehscore) as ehscore FROM x2_examhistory WHERE  ehstarttime >= :ehstarttime  GROUP BY ehuserid ORDER BY number DESC LIMIT 10
    [v] => Array
        (
            [ehstarttime] => 1470700859
        )

)
Array
(
    [0] => 00000
    [1] => 
    [2] => 
)
Array
(
    [sql] => SELECT count(*) AS number,ehbasicid FROM x2_examhistory WHERE  ehstarttime >= :ehstarttime  GROUP BY ehbasicid ORDER BY number DESC LIMIT 6
    [v] => Array
        (
            [ehstarttime] => 1471564859
        )

)
Array
(
    [0] => 00000
    [1] => 
    [2] => 
)
Array
(
    [sql] => SELECT * FROM x2_basic WHERE 1 ORDER BY basicid DESC LIMIT 0,6
    [v] => 
)
Array
(
    [0] => 00000
    [1] => 
    [2] => 
)
Array
(
    [sql] => SELECT count(*) AS number FROM x2_basic WHERE 1 LIMIT 512
    [v] => 
)
Array
(
    [0] => 00000
    [1] => 
    [2] => 
)
Array
(
    [sql] => SELECT * FROM x2_session WHERE  sessionid = :sessionid  LIMIT 512
    [v] => Array
        (
            [sessionid] => uejn4qbsv4o32mtds61jnr6dl2
        )

)
Array
(
    [0] => 00000
    [1] => 
    [2] => 
)
Array
(
    [sql] => SELECT * FROM x2_user AS user,x2_user_group AS user_group WHERE  user.userid = :id  AND user.usergroupid = user_group.groupid  LIMIT 512
    [v] => Array
        (
            [id] => 
        )

)
Array
(
    [0] => 00000
    [1] => 
    [2] => 
)
Array
(
    [sql] => SELECT * FROM x2_category WHERE  catapp = :catapp  ORDER BY catlite DESC,catid DESC
    [v] => Array
        (
            [catapp] => content
        )

)
Array
(
    [0] => 00000
    [1] => 
    [2] => 
)
Array
(
    [sql] => SELECT * FROM x2_category WHERE  catindex > 0  AND catapp = :catapp  ORDER BY catlite DESC,catid DESC
    [v] => Array
        (
            [catapp] => content
        )

)
Array
(
    [0] => 00000
    [1] => 
    [2] => 
)
Array
(
    [sql] => SELECT * FROM x2_category WHERE  catapp = :catapp  ORDER BY catlite DESC,catid DESC
    [v] => Array
        (
            [catapp] => content
        )

)
Array
(
    [0] => 00000
    [1] => 
    [2] => 
)
Array
(
    [sql] => SELECT * FROM x2_content WHERE  find_in_set(contentcatid,:catstring)  ORDER BY contentsequence DESC,contentinputtime DESC,contentid DESC LIMIT 0,10
    [v] => Array
        (
            [catstring] => 1
        )

)
Array
(
    [0] => 00000
    [1] => 
    [2] => 
)
Array
(
    [sql] => SELECT count(*) AS number FROM x2_content WHERE  find_in_set(contentcatid,:catstring)  LIMIT 512
    [v] => Array
        (
            [catstring] => 1
        )

)
Array
(
    [0] => 00000
    [1] => 
    [2] => 
)
Array
(
    [sql] => SELECT * FROM x2_content WHERE  find_in_set(contentcatid,:catstring)  ORDER BY contentsequence DESC,contentinputtime DESC,contentid DESC LIMIT 0,3
    [v] => Array
        (
            [catstring] => 2
        )

)
Array
(
    [0] => 00000
    [1] => 
    [2] => 
)
Array
(
    [sql] => SELECT count(*) AS number FROM x2_content WHERE  find_in_set(contentcatid,:catstring)  LIMIT 512
    [v] => Array
        (
            [catstring] => 2
        )

)
Array
(
    [0] => 00000
    [1] => 
    [2] => 
)
Array
(
    [sql] => SELECT count(*) AS number,ehusername,max(ehscore) as ehscore FROM x2_examhistory WHERE  ehstarttime >= :ehstarttime  GROUP BY ehuserid ORDER BY number DESC LIMIT 10
    [v] => Array
        (
            [ehstarttime] => 1472688062
        )

)
Array
(
    [0] => 00000
    [1] => 
    [2] => 
)
Array
(
    [sql] => SELECT count(*) AS number,ehusername,max(ehscore) as ehscore FROM x2_examhistory WHERE  ehstarttime >= :ehstarttime  GROUP BY ehuserid ORDER BY number DESC LIMIT 10
    [v] => Array
        (
            [ehstarttime] => 1470700862
        )

)
Array
(
    [0] => 00000
    [1] => 
    [2] => 
)
Array
(
    [sql] => SELECT count(*) AS number,ehbasicid FROM x2_examhistory WHERE  ehstarttime >= :ehstarttime  GROUP BY ehbasicid ORDER BY number DESC LIMIT 6
    [v] => Array
        (
            [ehstarttime] => 1471564862
        )

)
Array
(
    [0] => 00000
    [1] => 
    [2] => 
)
Array
(
    [sql] => SELECT * FROM x2_basic WHERE 1 ORDER BY basicid DESC LIMIT 0,6
    [v] => 
)
Array
(
    [0] => 00000
    [1] => 
    [2] => 
)
Array
(
    [sql] => SELECT count(*) AS number FROM x2_basic WHERE 1 LIMIT 512
    [v] => 
)
Array
(
    [0] => 00000
    [1] => 
    [2] => 
)
Array
(
    [sql] => SELECT * FROM x2_session WHERE  sessionid = :sessionid  LIMIT 512
    [v] => Array
        (
            [sessionid] => uejn4qbsv4o32mtds61jnr6dl2
        )

)
Array
(
    [0] => 00000
    [1] => 
    [2] => 
)
Array
(
    [sql] => SELECT * FROM x2_user AS user,x2_user_group AS user_group WHERE  user.userid = :id  AND user.usergroupid = user_group.groupid  LIMIT 512
    [v] => Array
        (
            [id] => 
        )

)
Array
(
    [0] => 00000
    [1] => 
    [2] => 
)
Array
(
    [sql] => SELECT * FROM x2_category WHERE  catapp = :catapp  ORDER BY catlite DESC,catid DESC
    [v] => Array
        (
            [catapp] => content
        )

)
Array
(
    [0] => 00000
    [1] => 
    [2] => 
)
Array
(
    [sql] => SELECT * FROM x2_category WHERE  catindex > 0  AND catapp = :catapp  ORDER BY catlite DESC,catid DESC
    [v] => Array
        (
            [catapp] => content
        )

)
Array
(
    [0] => 00000
    [1] => 
    [2] => 
)
Array
(
    [sql] => SELECT * FROM x2_category WHERE  catapp = :catapp  ORDER BY catlite DESC,catid DESC
    [v] => Array
        (
            [catapp] => content
        )

)
Array
(
    [0] => 00000
    [1] => 
    [2] => 
)
Array
(
    [sql] => SELECT * FROM x2_content WHERE  find_in_set(contentcatid,:catstring)  ORDER BY contentsequence DESC,contentinputtime DESC,contentid DESC LIMIT 0,10
    [v] => Array
        (
            [catstring] => 1
        )

)
Array
(
    [0] => 00000
    [1] => 
    [2] => 
)
Array
(
    [sql] => SELECT count(*) AS number FROM x2_content WHERE  find_in_set(contentcatid,:catstring)  LIMIT 512
    [v] => Array
        (
            [catstring] => 1
        )

)
Array
(
    [0] => 00000
    [1] => 
    [2] => 
)
Array
(
    [sql] => SELECT * FROM x2_content WHERE  find_in_set(contentcatid,:catstring)  ORDER BY contentsequence DESC,contentinputtime DESC,contentid DESC LIMIT 0,3
    [v] => Array
        (
            [catstring] => 2
        )

)
Array
(
    [0] => 00000
    [1] => 
    [2] => 
)
Array
(
    [sql] => SELECT count(*) AS number FROM x2_content WHERE  find_in_set(contentcatid,:catstring)  LIMIT 512
    [v] => Array
        (
            [catstring] => 2
        )

)
Array
(
    [0] => 00000
    [1] => 
    [2] => 
)
Array
(
    [sql] => SELECT count(*) AS number,ehusername,max(ehscore) as ehscore FROM x2_examhistory WHERE  ehstarttime >= :ehstarttime  GROUP BY ehuserid ORDER BY number DESC LIMIT 10
    [v] => Array
        (
            [ehstarttime] => 1472688063
        )

)
Array
(
    [0] => 00000
    [1] => 
    [2] => 
)
Array
(
    [sql] => SELECT count(*) AS number,ehusername,max(ehscore) as ehscore FROM x2_examhistory WHERE  ehstarttime >= :ehstarttime  GROUP BY ehuserid ORDER BY number DESC LIMIT 10
    [v] => Array
        (
            [ehstarttime] => 1470700863
        )

)
Array
(
    [0] => 00000
    [1] => 
    [2] => 
)
Array
(
    [sql] => SELECT count(*) AS number,ehbasicid FROM x2_examhistory WHERE  ehstarttime >= :ehstarttime  GROUP BY ehbasicid ORDER BY number DESC LIMIT 6
    [v] => Array
        (
            [ehstarttime] => 1471564863
        )

)
Array
(
    [0] => 00000
    [1] => 
    [2] => 
)
Array
(
    [sql] => SELECT * FROM x2_basic WHERE 1 ORDER BY basicid DESC LIMIT 0,6
    [v] => 
)
Array
(
    [0] => 00000
    [1] => 
    [2] => 
)
Array
(
    [sql] => SELECT count(*) AS number FROM x2_basic WHERE 1 LIMIT 512
    [v] => 
)
Array
(
    [0] => 00000
    [1] => 
    [2] => 
)
Array
(
    [sql] => SELECT * FROM x2_session WHERE  sessionid = :sessionid  LIMIT 512
    [v] => Array
        (
            [sessionid] => uejn4qbsv4o32mtds61jnr6dl2
        )

)
Array
(
    [0] => 00000
    [1] => 
    [2] => 
)
Array
(
    [sql] => SELECT * FROM x2_user AS user,x2_user_group AS user_group WHERE  user.userid = :id  AND user.usergroupid = user_group.groupid  LIMIT 512
    [v] => Array
        (
            [id] => 
        )

)
Array
(
    [0] => 00000
    [1] => 
    [2] => 
)
Array
(
    [sql] => SELECT * FROM x2_category WHERE  catapp = :catapp  ORDER BY catlite DESC,catid DESC
    [v] => Array
        (
            [catapp] => content
        )

)
Array
(
    [0] => 00000
    [1] => 
    [2] => 
)
Array
(
    [sql] => SELECT * FROM x2_category WHERE  catindex > 0  AND catapp = :catapp  ORDER BY catlite DESC,catid DESC
    [v] => Array
        (
            [catapp] => content
        )

)
Array
(
    [0] => 00000
    [1] => 
    [2] => 
)
Array
(
    [sql] => SELECT * FROM x2_category WHERE  catapp = :catapp  ORDER BY catlite DESC,catid DESC
    [v] => Array
        (
            [catapp] => content
        )

)
Array
(
    [0] => 00000
    [1] => 
    [2] => 
)
Array
(
    [sql] => SELECT * FROM x2_content WHERE  find_in_set(contentcatid,:catstring)  ORDER BY contentsequence DESC,contentinputtime DESC,contentid DESC LIMIT 0,10
    [v] => Array
        (
            [catstring] => 1
        )

)
Array
(
    [0] => 00000
    [1] => 
    [2] => 
)
Array
(
    [sql] => SELECT count(*) AS number FROM x2_content WHERE  find_in_set(contentcatid,:catstring)  LIMIT 512
    [v] => Array
        (
            [catstring] => 1
        )

)
Array
(
    [0] => 00000
    [1] => 
    [2] => 
)
Array
(
    [sql] => SELECT * FROM x2_content WHERE  find_in_set(contentcatid,:catstring)  ORDER BY contentsequence DESC,contentinputtime DESC,contentid DESC LIMIT 0,3
    [v] => Array
        (
            [catstring] => 2
        )

)
Array
(
    [0] => 00000
    [1] => 
    [2] => 
)
Array
(
    [sql] => SELECT count(*) AS number FROM x2_content WHERE  find_in_set(contentcatid,:catstring)  LIMIT 512
    [v] => Array
        (
            [catstring] => 2
        )

)
Array
(
    [0] => 00000
    [1] => 
    [2] => 
)
Array
(
    [sql] => SELECT count(*) AS number,ehusername,max(ehscore) as ehscore FROM x2_examhistory WHERE  ehstarttime >= :ehstarttime  GROUP BY ehuserid ORDER BY number DESC LIMIT 10
    [v] => Array
        (
            [ehstarttime] => 1472688064
        )

)
Array
(
    [0] => 00000
    [1] => 
    [2] => 
)
Array
(
    [sql] => SELECT count(*) AS number,ehusername,max(ehscore) as ehscore FROM x2_examhistory WHERE  ehstarttime >= :ehstarttime  GROUP BY ehuserid ORDER BY number DESC LIMIT 10
    [v] => Array
        (
            [ehstarttime] => 1470700864
        )

)
Array
(
    [0] => 00000
    [1] => 
    [2] => 
)
Array
(
    [sql] => SELECT count(*) AS number,ehbasicid FROM x2_examhistory WHERE  ehstarttime >= :ehstarttime  GROUP BY ehbasicid ORDER BY number DESC LIMIT 6
    [v] => Array
        (
            [ehstarttime] => 1471564864
        )

)
Array
(
    [0] => 00000
    [1] => 
    [2] => 
)
Array
(
    [sql] => SELECT * FROM x2_basic WHERE 1 ORDER BY basicid DESC LIMIT 0,6
    [v] => 
)
Array
(
    [0] => 00000
    [1] => 
    [2] => 
)
Array
(
    [sql] => SELECT count(*) AS number FROM x2_basic WHERE 1 LIMIT 512
    [v] => 
)
Array
(
    [0] => 00000
    [1] => 
    [2] => 
)
Array
(
    [sql] => SELECT * FROM x2_session WHERE  sessionid = :sessionid  LIMIT 512
    [v] => Array
        (
            [sessionid] => uejn4qbsv4o32mtds61jnr6dl2
        )

)
Array
(
    [0] => 00000
    [1] => 
    [2] => 
)
Array
(
    [sql] => SELECT * FROM x2_user AS user,x2_user_group AS user_group WHERE  user.userid = :id  AND user.usergroupid = user_group.groupid  LIMIT 512
    [v] => Array
        (
            [id] => 
        )

)
Array
(
    [0] => 00000
    [1] => 
    [2] => 
)
Array
(
    [sql] => SELECT * FROM x2_category WHERE  catapp = :catapp  ORDER BY catlite DESC,catid DESC
    [v] => Array
        (
            [catapp] => content
        )

)
Array
(
    [0] => 00000
    [1] => 
    [2] => 
)
Array
(
    [sql] => SELECT * FROM x2_category WHERE  catindex > 0  AND catapp = :catapp  ORDER BY catlite DESC,catid DESC
    [v] => Array
        (
            [catapp] => content
        )

)
Array
(
    [0] => 00000
    [1] => 
    [2] => 
)
Array
(
    [sql] => SELECT * FROM x2_category WHERE  catapp = :catapp  ORDER BY catlite DESC,catid DESC
    [v] => Array
        (
            [catapp] => content
        )

)
Array
(
    [0] => 00000
    [1] => 
    [2] => 
)
Array
(
    [sql] => SELECT * FROM x2_content WHERE  find_in_set(contentcatid,:catstring)  ORDER BY contentsequence DESC,contentinputtime DESC,contentid DESC LIMIT 0,10
    [v] => Array
        (
            [catstring] => 1
        )

)
Array
(
    [0] => 00000
    [1] => 
    [2] => 
)
Array
(
    [sql] => SELECT count(*) AS number FROM x2_content WHERE  find_in_set(contentcatid,:catstring)  LIMIT 512
    [v] => Array
        (
            [catstring] => 1
        )

)
Array
(
    [0] => 00000
    [1] => 
    [2] => 
)
Array
(
    [sql] => SELECT * FROM x2_content WHERE  find_in_set(contentcatid,:catstring)  ORDER BY contentsequence DESC,contentinputtime DESC,contentid DESC LIMIT 0,3
    [v] => Array
        (
            [catstring] => 2
        )

)
Array
(
    [0] => 00000
    [1] => 
    [2] => 
)
Array
(
    [sql] => SELECT count(*) AS number FROM x2_content WHERE  find_in_set(contentcatid,:catstring)  LIMIT 512
    [v] => Array
        (
            [catstring] => 2
        )

)
Array
(
    [0] => 00000
    [1] => 
    [2] => 
)
Array
(
    [sql] => SELECT count(*) AS number,ehusername,max(ehscore) as ehscore FROM x2_examhistory WHERE  ehstarttime >= :ehstarttime  GROUP BY ehuserid ORDER BY number DESC LIMIT 10
    [v] => Array
        (
            [ehstarttime] => 1472688299
        )

)
Array
(
    [0] => 00000
    [1] => 
    [2] => 
)
Array
(
    [sql] => SELECT count(*) AS number,ehusername,max(ehscore) as ehscore FROM x2_examhistory WHERE  ehstarttime >= :ehstarttime  GROUP BY ehuserid ORDER BY number DESC LIMIT 10
    [v] => Array
        (
            [ehstarttime] => 1470701099
        )

)
Array
(
    [0] => 00000
    [1] => 
    [2] => 
)
Array
(
    [sql] => SELECT count(*) AS number,ehbasicid FROM x2_examhistory WHERE  ehstarttime >= :ehstarttime  GROUP BY ehbasicid ORDER BY number DESC LIMIT 6
    [v] => Array
        (
            [ehstarttime] => 1471565099
        )

)
Array
(
    [0] => 00000
    [1] => 
    [2] => 
)
Array
(
    [sql] => SELECT * FROM x2_basic WHERE 1 ORDER BY basicid DESC LIMIT 0,6
    [v] => 
)
Array
(
    [0] => 00000
    [1] => 
    [2] => 
)
Array
(
    [sql] => SELECT count(*) AS number FROM x2_basic WHERE 1 LIMIT 512
    [v] => 
)
Array
(
    [0] => 00000
    [1] => 
    [2] => 
)
Array
(
    [sql] => SELECT * FROM x2_session WHERE  sessionid = :sessionid  LIMIT 512
    [v] => Array
        (
            [sessionid] => uejn4qbsv4o32mtds61jnr6dl2
        )

)
Array
(
    [0] => 00000
    [1] => 
    [2] => 
)
Array
(
    [sql] => SELECT * FROM x2_user_group WHERE 1 ORDER BY groupid DESC
    [v] => 
)
Array
(
    [0] => 00000
    [1] => 
    [2] => 
)
Array
(
    [sql] => SELECT * FROM x2_session WHERE  sessionid = :sessionid  LIMIT 512
    [v] => Array
        (
            [sessionid] => uejn4qbsv4o32mtds61jnr6dl2
        )

)
Array
(
    [0] => 00000
    [1] => 
    [2] => 
)
Array
(
    [sql] => SELECT * FROM x2_user_group WHERE  groupid = :groupid  ORDER BY groupid DESC
    [v] => Array
        (
            [groupid] => 
        )

)
Array
(
    [0] => 00000
    [1] => 
    [2] => 
)
Array
(
    [sql] => SELECT * FROM x2_session WHERE  sessionid = :sessionid  LIMIT 512
    [v] => Array
        (
            [sessionid] => uejn4qbsv4o32mtds61jnr6dl2
        )

)
Array
(
    [0] => 00000
    [1] => 
    [2] => 
)
Array
(
    [sql] => SELECT * FROM x2_user_group WHERE  groupid = :groupid  ORDER BY groupid DESC
    [v] => Array
        (
            [groupid] => 
        )

)
Array
(
    [0] => 00000
    [1] => 
    [2] => 
)
Array
(
    [sql] => SELECT * FROM x2_user AS user,x2_user_group AS user_group WHERE  user.userid = :id  AND user.usergroupid = user_group.groupid  LIMIT 512
    [v] => Array
        (
            [id] => 
        )

)
Array
(
    [0] => 00000
    [1] => 
    [2] => 
)
Array
(
    [sql] => SELECT * FROM x2_app WHERE 1
    [v] => 
)
Array
(
    [0] => 00000
    [1] => 
    [2] => 
)
Array
(
    [sql] => SELECT * FROM x2_session WHERE  sessionid = :sessionid  LIMIT 512
    [v] => Array
        (
            [sessionid] => uejn4qbsv4o32mtds61jnr6dl2
        )

)
Array
(
    [0] => 00000
    [1] => 
    [2] => 
)
Array
(
    [sql] => SHOW FULL COLUMNS FROM  `x2_session`
)
Array
(
    [0] => 00000
    [1] => 
    [2] => 
)
Array
(
    [sql] => UPDATE x2_session SET sessionrandcode = :sessionrandcode WHERE 1 AND sessionid = :sessionid  LIMIT 512
    [v] => Array
        (
            [sessionrandcode] => H33Q
            [sessionid] => uejn4qbsv4o32mtds61jnr6dl2
        )

)
Array
(
    [0] => 00000
    [1] => 
    [2] => 
)
Array
(
    [sql] => SELECT * FROM x2_session WHERE  sessionid = :sessionid  LIMIT 512
    [v] => Array
        (
            [sessionid] => uejn4qbsv4o32mtds61jnr6dl2
        )

)
Array
(
    [0] => 00000
    [1] => 
    [2] => 
)
Array
(
    [sql] => SHOW FULL COLUMNS FROM  `x2_session`
)
Array
(
    [0] => 00000
    [1] => 
    [2] => 
)
Array
(
    [sql] => UPDATE x2_session SET sessionrandcode = :sessionrandcode WHERE 1 AND sessionid = :sessionid  LIMIT 512
    [v] => Array
        (
            [sessionrandcode] => PVYE
            [sessionid] => uejn4qbsv4o32mtds61jnr6dl2
        )

)
Array
(
    [0] => 00000
    [1] => 
    [2] => 
)
Array
(
    [sql] => SELECT * FROM x2_session WHERE  sessionid = :sessionid  LIMIT 512
    [v] => Array
        (
            [sessionid] => uejn4qbsv4o32mtds61jnr6dl2
        )

)
Array
(
    [0] => 00000
    [1] => 
    [2] => 
)
Array
(
    [sql] => SELECT * FROM x2_user_group WHERE  groupid = :groupid  ORDER BY groupid DESC
    [v] => Array
        (
            [groupid] => 
        )

)
Array
(
    [0] => 00000
    [1] => 
    [2] => 
)
Array
(
    [sql] => SELECT * FROM x2_user AS user,x2_user_group AS user_group WHERE  user.userid = :id  AND user.usergroupid = user_group.groupid  LIMIT 512
    [v] => Array
        (
            [id] => 
        )

)
Array
(
    [0] => 00000
    [1] => 
    [2] => 
)
Array
(
    [sql] => SELECT * FROM x2_app WHERE 1
    [v] => 
)
Array
(
    [0] => 00000
    [1] => 
    [2] => 
)
Array
(
    [sql] => SELECT * FROM x2_session WHERE  sessionid = :sessionid  LIMIT 512
    [v] => Array
        (
            [sessionid] => uejn4qbsv4o32mtds61jnr6dl2
        )

)
Array
(
    [0] => 00000
    [1] => 
    [2] => 
)
Array
(
    [sql] => SELECT * FROM x2_session WHERE  sessionid = :sessionid  LIMIT 512
    [v] => Array
        (
            [sessionid] => uejn4qbsv4o32mtds61jnr6dl2
        )

)
Array
(
    [0] => 00000
    [1] => 
    [2] => 
)
Array
(
    [sql] => SELECT * FROM x2_user_group WHERE  groupid = :groupid  ORDER BY groupid DESC
    [v] => Array
        (
            [groupid] => 
        )

)
Array
(
    [0] => 00000
    [1] => 
    [2] => 
)
Array
(
    [sql] => SELECT * FROM x2_user AS user,x2_user_group AS user_group WHERE  user.userid = :id  AND user.usergroupid = user_group.groupid  LIMIT 512
    [v] => Array
        (
            [id] => 
        )

)
Array
(
    [0] => 00000
    [1] => 
    [2] => 
)
Array
(
    [sql] => SELECT * FROM x2_app WHERE 1
    [v] => 
)
Array
(
    [0] => 00000
    [1] => 
    [2] => 
)
Array
(
    [sql] => SELECT * FROM x2_session WHERE  sessionid = :sessionid  LIMIT 512
    [v] => Array
        (
            [sessionid] => uejn4qbsv4o32mtds61jnr6dl2
        )

)
Array
(
    [0] => 00000
    [1] => 
    [2] => 
)
Array
(
    [sql] => SELECT * FROM x2_session WHERE  sessionid = :sessionid  LIMIT 512
    [v] => Array
        (
            [sessionid] => uejn4qbsv4o32mtds61jnr6dl2
        )

)
Array
(
    [0] => 00000
    [1] => 
    [2] => 
)
Array
(
    [sql] => SHOW FULL COLUMNS FROM  `x2_session`
)
Array
(
    [0] => 00000
    [1] => 
    [2] => 
)
Array
(
    [sql] => UPDATE x2_session SET sessionrandcode = :sessionrandcode WHERE 1 AND sessionid = :sessionid  LIMIT 512
    [v] => Array
        (
            [sessionrandcode] => L26Y
            [sessionid] => uejn4qbsv4o32mtds61jnr6dl2
        )

)
Array
(
    [0] => 00000
    [1] => 
    [2] => 
)
Array
(
    [sql] => SELECT * FROM x2_session WHERE  sessionid = :sessionid  LIMIT 512
    [v] => Array
        (
            [sessionid] => uejn4qbsv4o32mtds61jnr6dl2
        )

)
Array
(
    [0] => 00000
    [1] => 
    [2] => 
)
Array
(
    [sql] => SELECT * FROM x2_user_group WHERE  groupid = :groupid  ORDER BY groupid DESC
    [v] => Array
        (
            [groupid] => 
        )

)
Array
(
    [0] => 00000
    [1] => 
    [2] => 
)
Array
(
    [sql] => SELECT * FROM x2_user AS user,x2_user_group AS user_group WHERE  user.userid = :id  AND user.usergroupid = user_group.groupid  LIMIT 512
    [v] => Array
        (
            [id] => 
        )

)
Array
(
    [0] => 00000
    [1] => 
    [2] => 
)
Array
(
    [sql] => SELECT * FROM x2_app WHERE 1
    [v] => 
)
Array
(
    [0] => 00000
    [1] => 
    [2] => 
)
Array
(
    [sql] => SELECT * FROM x2_session WHERE  sessionid = :sessionid  LIMIT 512
    [v] => Array
        (
            [sessionid] => uejn4qbsv4o32mtds61jnr6dl2
        )

)
Array
(
    [0] => 00000
    [1] => 
    [2] => 
)
Array
(
    [sql] => SHOW FULL COLUMNS FROM  `x2_session`
)
Array
(
    [0] => 00000
    [1] => 
    [2] => 
)
Array
(
    [sql] => UPDATE x2_session SET sessionrandcode = :sessionrandcode WHERE 1 AND sessionid = :sessionid  LIMIT 512
    [v] => Array
        (
            [sessionrandcode] => IOMM
            [sessionid] => uejn4qbsv4o32mtds61jnr6dl2
        )

)
Array
(
    [0] => 00000
    [1] => 
    [2] => 
)
Array
(
    [sql] => SELECT * FROM x2_user AS user,x2_user_group AS user_group WHERE  user.username = :username  AND user.usergroupid = user_group.groupid  LIMIT 512
    [v] => Array
        (
            [username] => peadmin
        )

)
Array
(
    [0] => 00000
    [1] => 
    [2] => 
)
Array
(
    [sql] => SELECT * FROM x2_user_group WHERE  groupid = :groupid  ORDER BY groupid DESC
    [v] => Array
        (
            [groupid] => 1
        )

)
Array
(
    [0] => 00000
    [1] => 
    [2] => 
)
Array
(
    [sql] => DELETE FROM x2_session WHERE 1 AND sessionid = :sessionid  LIMIT 512
    [v] => Array
        (
            [sessionid] => uejn4qbsv4o32mtds61jnr6dl2
        )

)
Array
(
    [0] => 00000
    [1] => 
    [2] => 
)
Array
(
    [sql] => SHOW FULL COLUMNS FROM  `x2_session`
)
Array
(
    [0] => 00000
    [1] => 
    [2] => 
)
Array
(
    [sql] => INSERT INTO x2_session (sessionid,sessionuserid,sessionusername,sessionpassword,sessionip,sessionmanage,sessiongroupid,sessioncurrent,sessionrandcode,sessionlogintime,sessiontimelimit,sessionlasttime,sessionmaster) VALUES (:sessionid,:sessionuserid,:sessionusername,:sessionpassword,:sessionip,:sessionmanage,:sessiongroupid,:sessioncurrent,:sessionrandcode,:sessionlogintime,:sessiontimelimit,:sessionlasttime,:sessionmaster)
    [v] => Array
        (
            [sessionid] => uejn4qbsv4o32mtds61jnr6dl2
            [sessionuserid] => 1
            [sessionusername] => peadmin
            [sessionpassword] => 244153a2599be7685c32d2281f57ae67
            [sessionip] => 10.211.55.2
            [sessionmanage] => 0
            [sessiongroupid] => 1
            [sessioncurrent] => 
            [sessionrandcode] => 
            [sessionlogintime] => 1473301480
            [sessiontimelimit] => 1473301480
            [sessionlasttime] => 0
            [sessionmaster] => 0
        )

    [dim] => 0
)
Array
(
    [0] => 00000
    [1] => 
    [2] => 
)
Array
(
    [sql] => SELECT * FROM x2_session WHERE  sessionid = :sessionid  LIMIT 512
    [v] => Array
        (
            [sessionid] => uejn4qbsv4o32mtds61jnr6dl2
        )

)
Array
(
    [0] => 00000
    [1] => 
    [2] => 
)
Array
(
    [sql] => SELECT * FROM x2_session WHERE  sessionid = :sessionid  LIMIT 512
    [v] => Array
        (
            [sessionid] => uejn4qbsv4o32mtds61jnr6dl2
        )

)
Array
(
    [0] => 00000
    [1] => 
    [2] => 
)
Array
(
    [sql] => SELECT * FROM x2_user_group WHERE  groupid = :groupid  ORDER BY groupid DESC
    [v] => Array
        (
            [groupid] => 1
        )

)
Array
(
    [0] => 00000
    [1] => 
    [2] => 
)
Array
(
    [sql] => SELECT * FROM x2_user AS user,x2_user_group AS user_group WHERE  user.userid = :id  AND user.usergroupid = user_group.groupid  LIMIT 512
    [v] => Array
        (
            [id] => 1
        )

)
Array
(
    [0] => 00000
    [1] => 
    [2] => 
)
Array
(
    [sql] => SELECT * FROM x2_app WHERE 1
    [v] => 
)
Array
(
    [0] => 00000
    [1] => 
    [2] => 
)
Array
(
    [sql] => SELECT * FROM x2_session WHERE  sessionid = :sessionid  LIMIT 512
    [v] => Array
        (
            [sessionid] => uejn4qbsv4o32mtds61jnr6dl2
        )

)
Array
(
    [0] => 00000
    [1] => 
    [2] => 
)
Array
(
    [sql] => SELECT * FROM x2_user AS user,x2_user_group AS user_group WHERE  user.userid = :id  AND user.usergroupid = user_group.groupid  LIMIT 512
    [v] => Array
        (
            [id] => 
        )

)
Array
(
    [0] => 00000
    [1] => 
    [2] => 
)
Array
(
    [sql] => SELECT * FROM x2_category WHERE  catapp = :catapp  ORDER BY catlite DESC,catid DESC
    [v] => Array
        (
            [catapp] => content
        )

)
Array
(
    [0] => 00000
    [1] => 
    [2] => 
)
Array
(
    [sql] => SELECT * FROM x2_category WHERE  catindex > 0  AND catapp = :catapp  ORDER BY catlite DESC,catid DESC
    [v] => Array
        (
            [catapp] => content
        )

)
Array
(
    [0] => 00000
    [1] => 
    [2] => 
)
Array
(
    [sql] => SELECT * FROM x2_category WHERE  catapp = :catapp  ORDER BY catlite DESC,catid DESC
    [v] => Array
        (
            [catapp] => content
        )

)
Array
(
    [0] => 00000
    [1] => 
    [2] => 
)
Array
(
    [sql] => SELECT * FROM x2_content WHERE  find_in_set(contentcatid,:catstring)  ORDER BY contentsequence DESC,contentinputtime DESC,contentid DESC LIMIT 0,10
    [v] => Array
        (
            [catstring] => 1
        )

)
Array
(
    [0] => 00000
    [1] => 
    [2] => 
)
Array
(
    [sql] => SELECT count(*) AS number FROM x2_content WHERE  find_in_set(contentcatid,:catstring)  LIMIT 512
    [v] => Array
        (
            [catstring] => 1
        )

)
Array
(
    [0] => 00000
    [1] => 
    [2] => 
)
Array
(
    [sql] => SELECT * FROM x2_content WHERE  find_in_set(contentcatid,:catstring)  ORDER BY contentsequence DESC,contentinputtime DESC,contentid DESC LIMIT 0,3
    [v] => Array
        (
            [catstring] => 2
        )

)
Array
(
    [0] => 00000
    [1] => 
    [2] => 
)
Array
(
    [sql] => SELECT count(*) AS number FROM x2_content WHERE  find_in_set(contentcatid,:catstring)  LIMIT 512
    [v] => Array
        (
            [catstring] => 2
        )

)
Array
(
    [0] => 00000
    [1] => 
    [2] => 
)
Array
(
    [sql] => SELECT count(*) AS number,ehusername,max(ehscore) as ehscore FROM x2_examhistory WHERE  ehstarttime >= :ehstarttime  GROUP BY ehuserid ORDER BY number DESC LIMIT 10
    [v] => Array
        (
            [ehstarttime] => 1472738760
        )

)
Array
(
    [0] => 00000
    [1] => 
    [2] => 
)
Array
(
    [sql] => SELECT count(*) AS number,ehusername,max(ehscore) as ehscore FROM x2_examhistory WHERE  ehstarttime >= :ehstarttime  GROUP BY ehuserid ORDER BY number DESC LIMIT 10
    [v] => Array
        (
            [ehstarttime] => 1470751560
        )

)
Array
(
    [0] => 00000
    [1] => 
    [2] => 
)
Array
(
    [sql] => SELECT count(*) AS number,ehbasicid FROM x2_examhistory WHERE  ehstarttime >= :ehstarttime  GROUP BY ehbasicid ORDER BY number DESC LIMIT 6
    [v] => Array
        (
            [ehstarttime] => 1471615560
        )

)
Array
(
    [0] => 00000
    [1] => 
    [2] => 
)
Array
(
    [sql] => SELECT * FROM x2_basic WHERE 1 ORDER BY basicid DESC LIMIT 0,6
    [v] => 
)
Array
(
    [0] => 00000
    [1] => 
    [2] => 
)
Array
(
    [sql] => SELECT count(*) AS number FROM x2_basic WHERE 1 LIMIT 512
    [v] => 
)
Array
(
    [0] => 00000
    [1] => 
    [2] => 
)
Array
(
    [sql] => SELECT * FROM x2_session WHERE  sessionid = :sessionid  LIMIT 512
    [v] => Array
        (
            [sessionid] => uejn4qbsv4o32mtds61jnr6dl2
        )

)
Array
(
    [0] => 00000
    [1] => 
    [2] => 
)
Array
(
    [sql] => SELECT * FROM x2_user AS user,x2_user_group AS user_group WHERE  user.userid = :id  AND user.usergroupid = user_group.groupid  LIMIT 512
    [v] => Array
        (
            [id] => 
        )

)
Array
(
    [0] => 00000
    [1] => 
    [2] => 
)
Array
(
    [sql] => SELECT * FROM x2_category WHERE  catapp = :catapp  ORDER BY catlite DESC,catid DESC
    [v] => Array
        (
            [catapp] => content
        )

)
Array
(
    [0] => 00000
    [1] => 
    [2] => 
)
Array
(
    [sql] => SELECT * FROM x2_category WHERE  catindex > 0  AND catapp = :catapp  ORDER BY catlite DESC,catid DESC
    [v] => Array
        (
            [catapp] => content
        )

)
Array
(
    [0] => 00000
    [1] => 
    [2] => 
)
Array
(
    [sql] => SELECT * FROM x2_category WHERE  catapp = :catapp  ORDER BY catlite DESC,catid DESC
    [v] => Array
        (
            [catapp] => content
        )

)
Array
(
    [0] => 00000
    [1] => 
    [2] => 
)
Array
(
    [sql] => SELECT * FROM x2_content WHERE  find_in_set(contentcatid,:catstring)  ORDER BY contentsequence DESC,contentinputtime DESC,contentid DESC LIMIT 0,10
    [v] => Array
        (
            [catstring] => 1
        )

)
Array
(
    [0] => 00000
    [1] => 
    [2] => 
)
Array
(
    [sql] => SELECT count(*) AS number FROM x2_content WHERE  find_in_set(contentcatid,:catstring)  LIMIT 512
    [v] => Array
        (
            [catstring] => 1
        )

)
Array
(
    [0] => 00000
    [1] => 
    [2] => 
)
Array
(
    [sql] => SELECT * FROM x2_content WHERE  find_in_set(contentcatid,:catstring)  ORDER BY contentsequence DESC,contentinputtime DESC,contentid DESC LIMIT 0,3
    [v] => Array
        (
            [catstring] => 2
        )

)
Array
(
    [0] => 00000
    [1] => 
    [2] => 
)
Array
(
    [sql] => SELECT count(*) AS number FROM x2_content WHERE  find_in_set(contentcatid,:catstring)  LIMIT 512
    [v] => Array
        (
            [catstring] => 2
        )

)
Array
(
    [0] => 00000
    [1] => 
    [2] => 
)
Array
(
    [sql] => SELECT count(*) AS number,ehusername,max(ehscore) as ehscore FROM x2_examhistory WHERE  ehstarttime >= :ehstarttime  GROUP BY ehuserid ORDER BY number DESC LIMIT 10
    [v] => Array
        (
            [ehstarttime] => 1472970716
        )

)
Array
(
    [0] => 00000
    [1] => 
    [2] => 
)
Array
(
    [sql] => SELECT count(*) AS number,ehusername,max(ehscore) as ehscore FROM x2_examhistory WHERE  ehstarttime >= :ehstarttime  GROUP BY ehuserid ORDER BY number DESC LIMIT 10
    [v] => Array
        (
            [ehstarttime] => 1470983516
        )

)
Array
(
    [0] => 00000
    [1] => 
    [2] => 
)
Array
(
    [sql] => SELECT count(*) AS number,ehbasicid FROM x2_examhistory WHERE  ehstarttime >= :ehstarttime  GROUP BY ehbasicid ORDER BY number DESC LIMIT 6
    [v] => Array
        (
            [ehstarttime] => 1471847516
        )

)
Array
(
    [0] => 00000
    [1] => 
    [2] => 
)
Array
(
    [sql] => SELECT * FROM x2_basic WHERE 1 ORDER BY basicid DESC LIMIT 0,6
    [v] => 
)
Array
(
    [0] => 00000
    [1] => 
    [2] => 
)
Array
(
    [sql] => SELECT count(*) AS number FROM x2_basic WHERE 1 LIMIT 512
    [v] => 
)
Array
(
    [0] => 00000
    [1] => 
    [2] => 
)
